<?xml version="1.0" encoding="UTF-8"?>
<!-- Generated by org.testng.reporters.JUnitReportReporter -->
<testsuite hostname="Abhisheks-MacBook-Pro.local" failures="0" tests="1" name="com.OpenCart.TestCases.TC01_Account_Registration" time="3.515" errors="0" timestamp="2025-08-24T11:21:36 IST" skipped="0">
  <testcase classname="com.OpenCart.TestCases.TC01_Account_Registration" name="accountRegistration" time="3.515"/>
</testsuite> <!-- com.OpenCart.TestCases.TC01_Account_Registration -->
