<?xml version="1.0" encoding="UTF-8"?>
<!-- Generated by org.testng.reporters.JUnitReportReporter -->
<testsuite hostname="DHIRAJ" failures="0" tests="2" name="com.OpenCart.TestCases.TC02_LoginTest" time="5.737" errors="0" timestamp="2025-08-23T12:18:06 IST" skipped="0">
  <testcase classname="com.OpenCart.TestCases.TC02_LoginTest" name="LoginTc" time="2.967"/>
  <testcase classname="com.OpenCart.TestCases.TC02_LoginTest" name="LoginTc" time="2.770"/>
</testsuite> <!-- com.OpenCart.TestCases.TC02_LoginTest -->
