<?xml version="1.0" encoding="UTF-8"?>
<!-- Generated by org.testng.reporters.JUnitReportReporter -->
<testsuite hostname="DHIRAJ" failures="0" tests="1" name="com.OpenCart.TestCases.TC01_Account_Registration" time="2.064" errors="0" timestamp="2025-08-23T12:51:19 IST" skipped="0">
  <testcase classname="com.OpenCart.TestCases.TC01_Account_Registration" name="accountRegistration" time="2.064"/>
</testsuite> <!-- com.OpenCart.TestCases.TC01_Account_Registration -->
